<?xml version="1.0" encoding="UTF-8"?>
<testsuite xmlns:xsi="http://www.w3.org/2001/XMLSchema-instance" xsi:noNamespaceSchemaLocation="https://maven.apache.org/surefire/maven-surefire-plugin/xsd/surefire-test-report.xsd" name="Runner.RunCukesTest01" time="48.867" tests="3" errors="0" skipped="0" failures="0">
  <properties>
[...]
</properties>
  <testcase name="Open login page" classname="Check login function" time="33.447"/>
  <testcase name="EMPTY_NAME" classname="Check login function" time="14.295"/>
  <testcase name="out login" classname="Check login function" time="0.775"/>
</testsuite>